<?xml version="1.0" encoding="UTF-8"?>
<!-- Generated by org.testng.reporters.JUnitXMLReporter -->
<testsuite hostname="LAPTOP-10V13S2A" ignored="0" name="Command line test" tests="6" failures="2" timestamp="14 Apr 2019 17:54:12 GMT" time="2.571" errors="0">
  <testcase name="getTest" time="0.007" classname="testRestApi.GetApiTest">
    <failure type="java.lang.AssertionError" message="expected [400] but found [200]">
      <![CDATA[java.lang.AssertionError: expected [400] but found [200]
at testRestApi.GetApiTest.getTest(GetApiTest.java:56)
... Removed 41 stack frames]]>
    </failure>
  </testcase> <!-- getTest -->
  <testcase name="getTest1" time="0.002" classname="testRestApi.GetApiTest">
    <failure type="org.json.JSONException" message="JSONObject[&amp;quot;errors&amp;quot;] not found.">
      <![CDATA[org.json.JSONException: JSONObject["errors"] not found.
at org.json.JSONObject.get(JSONObject.java:471)
at stringUtill.StringUtill.getValueByJPath(StringUtill.java:17)
at testRestApi.GetApiTest.getTest1(GetApiTest.java:71)
... Removed 35 stack frames]]>
    </failure>
  </testcase> <!-- getTest1 -->
  <testcase name="getTest2" time="0.001" classname="testRestApi.GetApiTest"/>
  <testcase name="getTestArray1" time="0.001" classname="testRestApi.GetApiTest"/>
  <testcase name="getTestArray2" time="0.0" classname="testRestApi.GetApiTest"/>
  <testcase name="getTestArray3" time="0.0" classname="testRestApi.GetApiTest"/>
</testsuite> <!-- Command line test -->
