<?xml version="1.0" encoding="UTF-8" ?>
<testsuite tests="6" failures="2" name="TestSuite" time="0.021" errors="0" skipped="0">
  <properties>
[...]
</properties>
  <testcase classname="testRestApi.GetApiTest" name="getTest" time="0.015">
    <failure message="expected [400] but found [200]" type="java.lang.AssertionError">java.lang.AssertionError: expected [400] but found [200]
	at org.testng.Assert.fail(Assert.java:96)
	at org.testng.Assert.failNotEquals(Assert.java:776)
	at org.testng.Assert.assertEqualsImpl(Assert.java:137)
	at org.testng.Assert.assertEquals(Assert.java:118)
	at org.testng.Assert.assertEquals(Assert.java:652)
	at org.testng.Assert.assertEquals(Assert.java:662)
	at testRestApi.GetApiTest.getTest(GetApiTest.java:56)
</failure>
    <system-out>Configuring TestNG with: org.apache.maven.surefire.testng.conf.TestNG652Configurator@3d012ddd
</system-out>
  </testcase>
  <testcase classname="testRestApi.GetApiTest" name="getTest1" time="0.003">
    <failure message="JSONObject[&quot;errors&quot;] not found." type="org.json.JSONException">org.json.JSONException: JSONObject[&quot;errors&quot;] not found.
	at org.json.JSONObject.get(JSONObject.java:471)
	at stringUtill.StringUtill.getValueByJPath(StringUtill.java:17)
	at testRestApi.GetApiTest.getTest1(GetApiTest.java:71)
</failure>
  </testcase>
  <testcase classname="testRestApi.GetApiTest" name="getTest2" time="0"/>
  <testcase classname="testRestApi.GetApiTest" name="getTestArray1" time="0.001"/>
  <testcase classname="testRestApi.GetApiTest" name="getTestArray2" time="0.001"/>
  <testcase classname="testRestApi.GetApiTest" name="getTestArray3" time="0.001"/>
</testsuite>